# JRE version: OpenJDK Runtime Environment Temurin-17.0.7+7 (17.0.7+7) (build 17.0.7+7)
# Java VM: OpenJDK 64-Bit Server VM Temurin-17.0.7+7 (17.0.7+7, mixed mode, emulated-client, sharing, tiered, compressed oops, compressed class ptrs, g1 gc, windows-amd64)
GC Precious Log:
 CPUs: 8 total, 8 available
 Memory: 7991M
 Large Page Support: Disabled
 NUMA Support: Disabled
 Compressed Oops: Enabled (32-bit)
 Heap Region Size: 1M
 Heap Min Capacity: 8M
 Heap Initial Capacity: 126M
 Heap Max Capacity: 1998M
 Pre-touch: Disabled
 Parallel Workers: 8
 Concurrent Workers: 2
 Concurrent Refinement Workers: 8
 Periodic GC: Disabled
Heap:
 garbage-first heap   total 112640K, used 23232K [0x0000000083200000, 0x0000000100000000)
  region size 1024K, 4 young (4096K), 4 survivors (4096K)
 Metaspace       used 31141K, committed 31552K, reserved 1114112K
  class space    used 4463K, committed 4608K, reserved 1048576K
GC Heap History (15 events):
Event: 2.671 GC heap before
{Heap before GC invocations=0 (full 0):
 garbage-first heap   total 129024K, used 23552K [0x0000000083200000, 0x0000000100000000)
  region size 1024K, 23 young (23552K), 0 survivors (0K)
 Metaspace       used 6434K, committed 6592K, reserved 1114112K
  class space    used 808K, committed 896K, reserved 1048576K
}
Event: 2.690 GC heap after
{Heap after GC invocations=1 (full 0):
 garbage-first heap   total 129024K, used 9771K [0x0000000083200000, 0x0000000100000000)
  region size 1024K, 3 young (3072K), 3 survivors (3072K)
 Metaspace       used 6434K, committed 6592K, reserved 1114112K
  class space    used 808K, committed 896K, reserved 1048576K
}
Event: 3.639 GC heap before
{Heap before GC invocations=1 (full 0):
 garbage-first heap   total 129024K, used 32299K [0x0000000083200000, 0x0000000100000000)
  region size 1024K, 25 young (25600K), 3 survivors (3072K)
 Metaspace       used 11509K, committed 11776K, reserved 1114112K
  class space    used 1582K, committed 1728K, reserved 1048576K
}
Event: 3.644 GC heap after
{Heap after GC invocations=2 (full 0):
 garbage-first heap   total 129024K, used 11644K [0x0000000083200000, 0x0000000100000000)
  region size 1024K, 2 young (2048K), 2 survivors (2048K)
 Metaspace       used 11509K, committed 11776K, reserved 1114112K
  class space    used 1582K, committed 1728K, reserved 1048576K
}
Event: 4.426 GC heap before
{Heap before GC invocations=2 (full 0):
 garbage-first heap   total 129024K, used 59772K [0x0000000083200000, 0x0000000100000000)
  region size 1024K, 50 young (51200K), 2 survivors (2048K)
 Metaspace       used 19095K, committed 19328K, reserved 1114112K
  class space    used 2618K, committed 2752K, reserved 1048576K
}
Event: 4.435 GC heap after
{Heap after GC invocations=3 (full 0):
 garbage-first heap   total 129024K, used 15348K [0x0000000083200000, 0x0000000100000000)
  region size 1024K, 6 young (6144K), 6 survivors (6144K)
 Metaspace       used 19095K, committed 19328K, reserved 1114112K
  class space    used 2618K, committed 2752K, reserved 1048576K
}
Event: 4.737 GC heap before
{Heap before GC invocations=3 (full 0):
 garbage-first heap   total 129024K, used 32756K [0x0000000083200000, 0x0000000100000000)
  region size 1024K, 24 young (24576K), 6 survivors (6144K)
 Metaspace       used 21300K, committed 21504K, reserved 1114112K
  class space    used 2923K, committed 3008K, reserved 1048576K
}
Event: 4.746 GC heap after
{Heap after GC invocations=4 (full 0):
 garbage-first heap   total 129024K, used 17455K [0x0000000083200000, 0x0000000100000000)
  region size 1024K, 6 young (6144K), 6 survivors (6144K)
 Metaspace       used 21300K, committed 21504K, reserved 1114112K
  class space    used 2923K, committed 3008K, reserved 1048576K
}
Event: 5.770 GC heap before
{Heap before GC invocations=5 (full 0):
 garbage-first heap   total 68608K, used 51247K [0x0000000083200000, 0x0000000100000000)
  region size 1024K, 40 young (40960K), 6 survivors (6144K)
 Metaspace       used 25077K, committed 25408K, reserved 1114112K
  class space    used 3434K, committed 3584K, reserved 1048576K
}
Event: 5.786 GC heap after
{Heap after GC invocations=6 (full 0):
 garbage-first heap   total 68608K, used 19370K [0x0000000083200000, 0x0000000100000000)
  region size 1024K, 4 young (4096K), 4 survivors (4096K)
 Metaspace       used 25077K, committed 25408K, reserved 1114112K
  class space    used 3434K, committed 3584K, reserved 1048576K
}
Event: 5.796 GC heap before
{Heap before GC invocations=6 (full 0):
 garbage-first heap   total 68608K, used 20394K [0x0000000083200000, 0x0000000100000000)
  region size 1024K, 5 young (5120K), 4 survivors (4096K)
 Metaspace       used 25077K, committed 25408K, reserved 1114112K
  class space    used 3434K, committed 3584K, reserved 1048576K
}
Event: 5.806 GC heap after
{Heap after GC invocations=7 (full 0):
 garbage-first heap   total 68608K, used 19844K [0x0000000083200000, 0x0000000100000000)
  region size 1024K, 1 young (1024K), 1 survivors (1024K)
 Metaspace       used 25077K, committed 25408K, reserved 1114112K
  class space    used 3434K, committed 3584K, reserved 1048576K
}
Event: 6.428 GC heap before
{Heap before GC invocations=7 (full 0):
 garbage-first heap   total 68608K, used 47492K [0x0000000083200000, 0x0000000100000000)
  region size 1024K, 28 young (28672K), 1 survivors (1024K)
 Metaspace       used 27637K, committed 28032K, reserved 1114112K
  class space    used 3884K, committed 4096K, reserved 1048576K
}
Event: 6.438 GC heap after
{Heap after GC invocations=8 (full 0):
 garbage-first heap   total 68608K, used 20817K [0x0000000083200000, 0x0000000100000000)
  region size 1024K, 2 young (2048K), 2 survivors (2048K)
 Metaspace       used 27637K, committed 28032K, reserved 1114112K
  class space    used 3884K, committed 4096K, reserved 1048576K
}
Event: 6.977 GC heap before
{Heap before GC invocations=8 (full 0):
 garbage-first heap   total 68608K, used 49489K [0x0000000083200000, 0x0000000100000000)
  region size 1024K, 30 young (30720K), 2 survivors (2048K)
 Metaspace       used 31141K, committed 31552K, reserved 1114112K
  class space    used 4463K, committed 4608K, reserved 1048576K
}

