# JRE version: Java(TM) SE Runtime Environment (17.0.8+9) (build 17.0.8+9-LTS-211)
# Java VM: Java HotSpot(TM) 64-Bit Server VM (17.0.8+9-LTS-211, mixed mode, emulated-client, sharing, tiered, compressed oops, compressed class ptrs, g1 gc, windows-amd64)
GC Precious Log:
 CPUs: 3 total, 3 available
 Memory: 8083M
 Large Page Support: Disabled
 NUMA Support: Disabled
 Compressed Oops: Enabled (32-bit)
 Heap Region Size: 1M
 Heap Min Capacity: 8M
 Heap Initial Capacity: 128M
 Heap Max Capacity: 2022M
 Pre-touch: Disabled
 Parallel Workers: 3
 Concurrent Workers: 1
 Concurrent Refinement Workers: 3
 Periodic GC: Disabled
Heap:
 garbage-first heap   total 68608K, used 40889K [0x0000000081a00000, 0x0000000100000000)
  region size 1024K, 16 young (16384K), 2 survivors (2048K)
 Metaspace       used 38990K, committed 39360K, reserved 1114112K
  class space    used 5639K, committed 5824K, reserved 1048576K
GC Heap History (20 events):
Event: 10.682 GC heap before
{Heap before GC invocations=2 (full 0):
 garbage-first heap   total 131072K, used 14684K [0x0000000081a00000, 0x0000000100000000)
  region size 1024K, 7 young (7168K), 1 survivors (1024K)
 Metaspace       used 4890K, committed 4992K, reserved 1114112K
  class space    used 578K, committed 640K, reserved 1048576K
}
Event: 10.689 GC heap after
{Heap after GC invocations=3 (full 0):
 garbage-first heap   total 131072K, used 10576K [0x0000000081a00000, 0x0000000100000000)
  region size 1024K, 1 young (1024K), 1 survivors (1024K)
 Metaspace       used 4890K, committed 4992K, reserved 1114112K
  class space    used 578K, committed 640K, reserved 1048576K
}
Event: 12.781 GC heap before
{Heap before GC invocations=3 (full 0):
 garbage-first heap   total 131072K, used 20816K [0x0000000081a00000, 0x0000000100000000)
  region size 1024K, 11 young (11264K), 1 survivors (1024K)
 Metaspace       used 7790K, committed 8000K, reserved 1114112K
  class space    used 984K, committed 1088K, reserved 1048576K
}
Event: 12.786 GC heap after
{Heap after GC invocations=4 (full 0):
 garbage-first heap   total 131072K, used 11278K [0x0000000081a00000, 0x0000000100000000)
  region size 1024K, 2 young (2048K), 2 survivors (2048K)
 Metaspace       used 7790K, committed 8000K, reserved 1114112K
  class space    used 984K, committed 1088K, reserved 1048576K
}
Event: 20.560 GC heap before
{Heap before GC invocations=4 (full 0):
 garbage-first heap   total 131072K, used 87054K [0x0000000081a00000, 0x0000000100000000)
  region size 1024K, 76 young (77824K), 2 survivors (2048K)
 Metaspace       used 20365K, committed 20608K, reserved 1114112K
  class space    used 2790K, committed 2880K, reserved 1048576K
}
Event: 20.580 GC heap after
{Heap after GC invocations=5 (full 0):
 garbage-first heap   total 131072K, used 16950K [0x0000000081a00000, 0x0000000100000000)
  region size 1024K, 8 young (8192K), 8 survivors (8192K)
 Metaspace       used 20365K, committed 20608K, reserved 1114112K
  class space    used 2790K, committed 2880K, reserved 1048576K
}
Event: 21.849 GC heap before
{Heap before GC invocations=5 (full 0):
 garbage-first heap   total 131072K, used 26166K [0x0000000081a00000, 0x0000000100000000)
  region size 1024K, 18 young (18432K), 8 survivors (8192K)
 Metaspace       used 21324K, committed 21504K, reserved 1114112K
  class space    used 2873K, committed 2944K, reserved 1048576K
}
Event: 21.865 GC heap after
{Heap after GC invocations=6 (full 0):
 garbage-first heap   total 131072K, used 18495K [0x0000000081a00000, 0x0000000100000000)
  region size 1024K, 2 young (2048K), 2 survivors (2048K)
 Metaspace       used 21324K, committed 21504K, reserved 1114112K
  class space    used 2873K, committed 2944K, reserved 1048576K
}
Event: 23.398 GC heap before
{Heap before GC invocations=7 (full 0):
 garbage-first heap   total 68608K, used 56383K [0x0000000081a00000, 0x0000000100000000)
  region size 1024K, 40 young (40960K), 2 survivors (2048K)
 Metaspace       used 24486K, committed 24768K, reserved 1114112K
  class space    used 3318K, committed 3456K, reserved 1048576K
}
Event: 23.409 GC heap after
{Heap after GC invocations=8 (full 0):
 garbage-first heap   total 68608K, used 20661K [0x0000000081a00000, 0x0000000100000000)
  region size 1024K, 4 young (4096K), 4 survivors (4096K)
 Metaspace       used 24486K, committed 24768K, reserved 1114112K
  class space    used 3318K, committed 3456K, reserved 1048576K
}
Event: 26.651 GC heap before
{Heap before GC invocations=8 (full 0):
 garbage-first heap   total 68608K, used 49333K [0x0000000081a00000, 0x0000000100000000)
  region size 1024K, 32 young (32768K), 4 survivors (4096K)
 Metaspace       used 27543K, committed 27840K, reserved 1114112K
  class space    used 3870K, committed 3968K, reserved 1048576K
}
Event: 26.664 GC heap after
{Heap after GC invocations=9 (full 0):
 garbage-first heap   total 68608K, used 22575K [0x0000000081a00000, 0x0000000100000000)
  region size 1024K, 2 young (2048K), 2 survivors (2048K)
 Metaspace       used 27543K, committed 27840K, reserved 1114112K
  class space    used 3870K, committed 3968K, reserved 1048576K
}
Event: 29.714 GC heap before
{Heap before GC invocations=9 (full 0):
 garbage-first heap   total 68608K, used 50223K [0x0000000081a00000, 0x0000000100000000)
  region size 1024K, 30 young (30720K), 2 survivors (2048K)
 Metaspace       used 29776K, committed 30144K, reserved 1114112K
  class space    used 4203K, committed 4352K, reserved 1048576K
}
Event: 29.727 GC heap after
{Heap after GC invocations=10 (full 0):
 garbage-first heap   total 68608K, used 24434K [0x0000000081a00000, 0x0000000100000000)
  region size 1024K, 4 young (4096K), 4 survivors (4096K)
 Metaspace       used 29776K, committed 30144K, reserved 1114112K
  class space    used 4203K, committed 4352K, reserved 1048576K
}
Event: 34.537 GC heap before
{Heap before GC invocations=10 (full 0):
 garbage-first heap   total 68608K, used 51058K [0x0000000081a00000, 0x0000000100000000)
  region size 1024K, 31 young (31744K), 4 survivors (4096K)
 Metaspace       used 33005K, committed 33472K, reserved 1114112K
  class space    used 4710K, committed 4928K, reserved 1048576K
}
Event: 34.558 GC heap after
{Heap after GC invocations=11 (full 0):
 garbage-first heap   total 68608K, used 26730K [0x0000000081a00000, 0x0000000100000000)
  region size 1024K, 3 young (3072K), 3 survivors (3072K)
 Metaspace       used 33005K, committed 33472K, reserved 1114112K
  class space    used 4710K, committed 4928K, reserved 1048576K
}
Event: 37.808 GC heap before
{Heap before GC invocations=11 (full 0):
 garbage-first heap   total 68608K, used 52330K [0x0000000081a00000, 0x0000000100000000)
  region size 1024K, 28 young (28672K), 3 survivors (3072K)
 Metaspace       used 35229K, committed 35712K, reserved 1114112K
  class space    used 5042K, committed 5248K, reserved 1048576K
}
Event: 37.819 GC heap after
{Heap after GC invocations=12 (full 0):
 garbage-first heap   total 68608K, used 28354K [0x0000000081a00000, 0x0000000100000000)
  region size 1024K, 2 young (2048K), 2 survivors (2048K)
 Metaspace       used 35229K, committed 35712K, reserved 1114112K
  class space    used 5042K, committed 5248K, reserved 1048576K
}
Event: 40.153 GC heap before
{Heap before GC invocations=12 (full 0):
 garbage-first heap   total 68608K, used 40642K [0x0000000081a00000, 0x0000000100000000)
  region size 1024K, 15 young (15360K), 2 survivors (2048K)
 Metaspace       used 35783K, committed 36160K, reserved 1114112K
  class space    used 5142K, committed 5312K, reserved 1048576K
}
Event: 40.161 GC heap after
{Heap after GC invocations=13 (full 0):
 garbage-first heap   total 68608K, used 28601K [0x0000000081a00000, 0x0000000100000000)
  region size 1024K, 2 young (2048K), 2 survivors (2048K)
 Metaspace       used 35783K, committed 36160K, reserved 1114112K
  class space    used 5142K, committed 5312K, reserved 1048576K
}

